The system is: Linux - 3.4.11-1.fc16.x86_64 - x86_64
Compiling the C compiler identification source file "CMakeCCompilerId.c" succeeded.
Compiler: /usr/lib64/ccache/gcc 
Build flags: 
Id flags: 

The output was:
0


Compilation of the C compiler identification source "CMakeCCompilerId.c" produced "a.out"

The C compiler identification is GNU, found in "/tmp/polyvox/gui_example/foreverwar/foreverwar/trunk/CMakeFiles/CompilerIdC/a.out"

Compiling the CXX compiler identification source file "CMakeCXXCompilerId.cpp" succeeded.
Compiler: /usr/lib64/ccache/c++ 
Build flags: 
Id flags: 

The output was:
0


Compilation of the CXX compiler identification source "CMakeCXXCompilerId.cpp" produced "a.out"

The CXX compiler identification is GNU, found in "/tmp/polyvox/gui_example/foreverwar/foreverwar/trunk/CMakeFiles/CompilerIdCXX/a.out"

Determining if the C compiler works passed with the following output:
Change Dir: /tmp/polyvox/gui_example/foreverwar/foreverwar/trunk/CMakeFiles/CMakeTmp

Run Build Command:/usr/bin/gmake "cmTryCompileExec2173583311/fast"
/usr/bin/gmake -f CMakeFiles/cmTryCompileExec2173583311.dir/build.make CMakeFiles/cmTryCompileExec2173583311.dir/build
gmake[1]: Entering directory `/tmp/polyvox/gui_example/foreverwar/foreverwar/trunk/CMakeFiles/CMakeTmp'
/usr/bin/cmake -E cmake_progress_report /tmp/polyvox/gui_example/foreverwar/foreverwar/trunk/CMakeFiles/CMakeTmp/CMakeFiles 1
Building C object CMakeFiles/cmTryCompileExec2173583311.dir/testCCompiler.c.o
/usr/lib64/ccache/gcc    -o CMakeFiles/cmTryCompileExec2173583311.dir/testCCompiler.c.o   -c /tmp/polyvox/gui_example/foreverwar/foreverwar/trunk/CMakeFiles/CMakeTmp/testCCompiler.c
Linking C executable cmTryCompileExec2173583311
/usr/bin/cmake -E cmake_link_script CMakeFiles/cmTryCompileExec2173583311.dir/link.txt --verbose=1
/usr/lib64/ccache/gcc         CMakeFiles/cmTryCompileExec2173583311.dir/testCCompiler.c.o  -o cmTryCompileExec2173583311 -rdynamic 
gmake[1]: Leaving directory `/tmp/polyvox/gui_example/foreverwar/foreverwar/trunk/CMakeFiles/CMakeTmp'


Detecting C compiler ABI info compiled with the following output:
Change Dir: /tmp/polyvox/gui_example/foreverwar/foreverwar/trunk/CMakeFiles/CMakeTmp

Run Build Command:/usr/bin/gmake "cmTryCompileExec1480726208/fast"
/usr/bin/gmake -f CMakeFiles/cmTryCompileExec1480726208.dir/build.make CMakeFiles/cmTryCompileExec1480726208.dir/build
gmake[1]: Entering directory `/tmp/polyvox/gui_example/foreverwar/foreverwar/trunk/CMakeFiles/CMakeTmp'
/usr/bin/cmake -E cmake_progress_report /tmp/polyvox/gui_example/foreverwar/foreverwar/trunk/CMakeFiles/CMakeTmp/CMakeFiles 1
Building C object CMakeFiles/cmTryCompileExec1480726208.dir/CMakeCCompilerABI.c.o
/usr/lib64/ccache/gcc    -o CMakeFiles/cmTryCompileExec1480726208.dir/CMakeCCompilerABI.c.o   -c /usr/share/cmake/Modules/CMakeCCompilerABI.c
Linking C executable cmTryCompileExec1480726208
/usr/bin/cmake -E cmake_link_script CMakeFiles/cmTryCompileExec1480726208.dir/link.txt --verbose=1
/usr/lib64/ccache/gcc       -v CMakeFiles/cmTryCompileExec1480726208.dir/CMakeCCompilerABI.c.o  -o cmTryCompileExec1480726208 -rdynamic  
Using built-in specs.
COLLECT_GCC=/usr/bin/gcc
COLLECT_LTO_WRAPPER=/usr/libexec/gcc/x86_64-redhat-linux/4.6.3/lto-wrapper
Target: x86_64-redhat-linux
Configured with: ../configure --prefix=/usr --mandir=/usr/share/man --infodir=/usr/share/info --with-bugurl=http://bugzilla.redhat.com/bugzilla --enable-bootstrap --enable-shared --enable-threads=posix --enable-checking=release --with-system-zlib --enable-__cxa_atexit --disable-libunwind-exceptions --enable-gnu-unique-object --enable-linker-build-id --enable-languages=c,c++,objc,obj-c++,java,fortran,ada,go,lto --enable-plugin --enable-java-awt=gtk --disable-dssi --with-java-home=/usr/lib/jvm/java-1.5.0-gcj-1.5.0.0/jre --enable-libgcj-multifile --enable-java-maintainer-mode --with-ecj-jar=/usr/share/java/eclipse-ecj.jar --disable-libjava-multilib --with-ppl --with-cloog --with-tune=generic --with-arch_32=i686 --build=x86_64-redhat-linux
Thread model: posix
gcc version 4.6.3 20120306 (Red Hat 4.6.3-2) (GCC) 
COMPILER_PATH=/usr/libexec/gcc/x86_64-redhat-linux/4.6.3/:/usr/libexec/gcc/x86_64-redhat-linux/4.6.3/:/usr/libexec/gcc/x86_64-redhat-linux/:/usr/lib/gcc/x86_64-redhat-linux/4.6.3/:/usr/lib/gcc/x86_64-redhat-linux/
LIBRARY_PATH=/usr/lib/gcc/x86_64-redhat-linux/4.6.3/:/usr/lib/gcc/x86_64-redhat-linux/4.6.3/../../../../lib64/:/lib/../lib64/:/usr/lib/../lib64/:/usr/lib/gcc/x86_64-redhat-linux/4.6.3/../../../:/lib/:/usr/lib/
COLLECT_GCC_OPTIONS='-v' '-o' 'cmTryCompileExec1480726208' '-rdynamic' '-mtune=generic' '-march=x86-64'
 /usr/libexec/gcc/x86_64-redhat-linux/4.6.3/collect2 --build-id --no-add-needed --eh-frame-hdr -m elf_x86_64 --hash-style=gnu -export-dynamic -dynamic-linker /lib64/ld-linux-x86-64.so.2 -o cmTryCompileExec1480726208 /usr/lib/gcc/x86_64-redhat-linux/4.6.3/../../../../lib64/crt1.o /usr/lib/gcc/x86_64-redhat-linux/4.6.3/../../../../lib64/crti.o /usr/lib/gcc/x86_64-redhat-linux/4.6.3/crtbegin.o -L/usr/lib/gcc/x86_64-redhat-linux/4.6.3 -L/usr/lib/gcc/x86_64-redhat-linux/4.6.3/../../../../lib64 -L/lib/../lib64 -L/usr/lib/../lib64 -L/usr/lib/gcc/x86_64-redhat-linux/4.6.3/../../.. CMakeFiles/cmTryCompileExec1480726208.dir/CMakeCCompilerABI.c.o -lgcc --as-needed -lgcc_s --no-as-needed -lc -lgcc --as-needed -lgcc_s --no-as-needed /usr/lib/gcc/x86_64-redhat-linux/4.6.3/crtend.o /usr/lib/gcc/x86_64-redhat-linux/4.6.3/../../../../lib64/crtn.o
gmake[1]: Leaving directory `/tmp/polyvox/gui_example/foreverwar/foreverwar/trunk/CMakeFiles/CMakeTmp'


Parsed C implicit link information from above output:
  link line regex: [^( *|.*[/\])(ld|ld|collect2)[^/\]*( |$)]
  ignore line: [Change Dir: /tmp/polyvox/gui_example/foreverwar/foreverwar/trunk/CMakeFiles/CMakeTmp]
  ignore line: []
  ignore line: [Run Build Command:/usr/bin/gmake "cmTryCompileExec1480726208/fast"]
  ignore line: [/usr/bin/gmake -f CMakeFiles/cmTryCompileExec1480726208.dir/build.make CMakeFiles/cmTryCompileExec1480726208.dir/build]
  ignore line: [gmake[1]: Entering directory `/tmp/polyvox/gui_example/foreverwar/foreverwar/trunk/CMakeFiles/CMakeTmp']
  ignore line: [/usr/bin/cmake -E cmake_progress_report /tmp/polyvox/gui_example/foreverwar/foreverwar/trunk/CMakeFiles/CMakeTmp/CMakeFiles 1]
  ignore line: [Building C object CMakeFiles/cmTryCompileExec1480726208.dir/CMakeCCompilerABI.c.o]
  ignore line: [/usr/lib64/ccache/gcc    -o CMakeFiles/cmTryCompileExec1480726208.dir/CMakeCCompilerABI.c.o   -c /usr/share/cmake/Modules/CMakeCCompilerABI.c]
  ignore line: [Linking C executable cmTryCompileExec1480726208]
  ignore line: [/usr/bin/cmake -E cmake_link_script CMakeFiles/cmTryCompileExec1480726208.dir/link.txt --verbose=1]
  ignore line: [/usr/lib64/ccache/gcc       -v CMakeFiles/cmTryCompileExec1480726208.dir/CMakeCCompilerABI.c.o  -o cmTryCompileExec1480726208 -rdynamic  ]
  ignore line: [Using built-in specs.]
  ignore line: [COLLECT_GCC=/usr/bin/gcc]
  ignore line: [COLLECT_LTO_WRAPPER=/usr/libexec/gcc/x86_64-redhat-linux/4.6.3/lto-wrapper]
  ignore line: [Target: x86_64-redhat-linux]
  ignore line: [Configured with: ../configure --prefix=/usr --mandir=/usr/share/man --infodir=/usr/share/info --with-bugurl=http://bugzilla.redhat.com/bugzilla --enable-bootstrap --enable-shared --enable-threads=posix --enable-checking=release --with-system-zlib --enable-__cxa_atexit --disable-libunwind-exceptions --enable-gnu-unique-object --enable-linker-build-id --enable-languages=c,c++,objc,obj-c++,java,fortran,ada,go,lto --enable-plugin --enable-java-awt=gtk --disable-dssi --with-java-home=/usr/lib/jvm/java-1.5.0-gcj-1.5.0.0/jre --enable-libgcj-multifile --enable-java-maintainer-mode --with-ecj-jar=/usr/share/java/eclipse-ecj.jar --disable-libjava-multilib --with-ppl --with-cloog --with-tune=generic --with-arch_32=i686 --build=x86_64-redhat-linux]
  ignore line: [Thread model: posix]
  ignore line: [gcc version 4.6.3 20120306 (Red Hat 4.6.3-2) (GCC) ]
  ignore line: [COMPILER_PATH=/usr/libexec/gcc/x86_64-redhat-linux/4.6.3/:/usr/libexec/gcc/x86_64-redhat-linux/4.6.3/:/usr/libexec/gcc/x86_64-redhat-linux/:/usr/lib/gcc/x86_64-redhat-linux/4.6.3/:/usr/lib/gcc/x86_64-redhat-linux/]
  ignore line: [LIBRARY_PATH=/usr/lib/gcc/x86_64-redhat-linux/4.6.3/:/usr/lib/gcc/x86_64-redhat-linux/4.6.3/../../../../lib64/:/lib/../lib64/:/usr/lib/../lib64/:/usr/lib/gcc/x86_64-redhat-linux/4.6.3/../../../:/lib/:/usr/lib/]
  ignore line: [COLLECT_GCC_OPTIONS='-v' '-o' 'cmTryCompileExec1480726208' '-rdynamic' '-mtune=generic' '-march=x86-64']
  link line: [ /usr/libexec/gcc/x86_64-redhat-linux/4.6.3/collect2 --build-id --no-add-needed --eh-frame-hdr -m elf_x86_64 --hash-style=gnu -export-dynamic -dynamic-linker /lib64/ld-linux-x86-64.so.2 -o cmTryCompileExec1480726208 /usr/lib/gcc/x86_64-redhat-linux/4.6.3/../../../../lib64/crt1.o /usr/lib/gcc/x86_64-redhat-linux/4.6.3/../../../../lib64/crti.o /usr/lib/gcc/x86_64-redhat-linux/4.6.3/crtbegin.o -L/usr/lib/gcc/x86_64-redhat-linux/4.6.3 -L/usr/lib/gcc/x86_64-redhat-linux/4.6.3/../../../../lib64 -L/lib/../lib64 -L/usr/lib/../lib64 -L/usr/lib/gcc/x86_64-redhat-linux/4.6.3/../../.. CMakeFiles/cmTryCompileExec1480726208.dir/CMakeCCompilerABI.c.o -lgcc --as-needed -lgcc_s --no-as-needed -lc -lgcc --as-needed -lgcc_s --no-as-needed /usr/lib/gcc/x86_64-redhat-linux/4.6.3/crtend.o /usr/lib/gcc/x86_64-redhat-linux/4.6.3/../../../../lib64/crtn.o]
    arg [/usr/libexec/gcc/x86_64-redhat-linux/4.6.3/collect2] ==> ignore
    arg [--build-id] ==> ignore
    arg [--no-add-needed] ==> ignore
    arg [--eh-frame-hdr] ==> ignore
    arg [-m] ==> ignore
    arg [elf_x86_64] ==> ignore
    arg [--hash-style=gnu] ==> ignore
    arg [-export-dynamic] ==> ignore
    arg [-dynamic-linker] ==> ignore
    arg [/lib64/ld-linux-x86-64.so.2] ==> ignore
    arg [-o] ==> ignore
    arg [cmTryCompileExec1480726208] ==> ignore
    arg [/usr/lib/gcc/x86_64-redhat-linux/4.6.3/../../../../lib64/crt1.o] ==> ignore
    arg [/usr/lib/gcc/x86_64-redhat-linux/4.6.3/../../../../lib64/crti.o] ==> ignore
    arg [/usr/lib/gcc/x86_64-redhat-linux/4.6.3/crtbegin.o] ==> ignore
    arg [-L/usr/lib/gcc/x86_64-redhat-linux/4.6.3] ==> dir [/usr/lib/gcc/x86_64-redhat-linux/4.6.3]
    arg [-L/usr/lib/gcc/x86_64-redhat-linux/4.6.3/../../../../lib64] ==> dir [/usr/lib/gcc/x86_64-redhat-linux/4.6.3/../../../../lib64]
    arg [-L/lib/../lib64] ==> dir [/lib/../lib64]
    arg [-L/usr/lib/../lib64] ==> dir [/usr/lib/../lib64]
    arg [-L/usr/lib/gcc/x86_64-redhat-linux/4.6.3/../../..] ==> dir [/usr/lib/gcc/x86_64-redhat-linux/4.6.3/../../..]
    arg [CMakeFiles/cmTryCompileExec1480726208.dir/CMakeCCompilerABI.c.o] ==> ignore
    arg [-lgcc] ==> lib [gcc]
    arg [--as-needed] ==> ignore
    arg [-lgcc_s] ==> lib [gcc_s]
    arg [--no-as-needed] ==> ignore
    arg [-lc] ==> lib [c]
    arg [-lgcc] ==> lib [gcc]
    arg [--as-needed] ==> ignore
    arg [-lgcc_s] ==> lib [gcc_s]
    arg [--no-as-needed] ==> ignore
    arg [/usr/lib/gcc/x86_64-redhat-linux/4.6.3/crtend.o] ==> ignore
    arg [/usr/lib/gcc/x86_64-redhat-linux/4.6.3/../../../../lib64/crtn.o] ==> ignore
  remove lib [gcc]
  remove lib [gcc_s]
  remove lib [gcc]
  remove lib [gcc_s]
  collapse dir [/usr/lib/gcc/x86_64-redhat-linux/4.6.3] ==> [/usr/lib/gcc/x86_64-redhat-linux/4.6.3]
  collapse dir [/usr/lib/gcc/x86_64-redhat-linux/4.6.3/../../../../lib64] ==> [/usr/lib64]
  collapse dir [/lib/../lib64] ==> [/lib64]
  collapse dir [/usr/lib/../lib64] ==> [/usr/lib64]
  collapse dir [/usr/lib/gcc/x86_64-redhat-linux/4.6.3/../../..] ==> [/usr/lib]
  implicit libs: [c]
  implicit dirs: [/usr/lib/gcc/x86_64-redhat-linux/4.6.3;/usr/lib64;/lib64;/usr/lib]


Determining if the CXX compiler works passed with the following output:
Change Dir: /tmp/polyvox/gui_example/foreverwar/foreverwar/trunk/CMakeFiles/CMakeTmp

Run Build Command:/usr/bin/gmake "cmTryCompileExec2059869208/fast"
/usr/bin/gmake -f CMakeFiles/cmTryCompileExec2059869208.dir/build.make CMakeFiles/cmTryCompileExec2059869208.dir/build
gmake[1]: Entering directory `/tmp/polyvox/gui_example/foreverwar/foreverwar/trunk/CMakeFiles/CMakeTmp'
/usr/bin/cmake -E cmake_progress_report /tmp/polyvox/gui_example/foreverwar/foreverwar/trunk/CMakeFiles/CMakeTmp/CMakeFiles 1
Building CXX object CMakeFiles/cmTryCompileExec2059869208.dir/testCXXCompiler.cxx.o
/usr/lib64/ccache/c++     -o CMakeFiles/cmTryCompileExec2059869208.dir/testCXXCompiler.cxx.o -c /tmp/polyvox/gui_example/foreverwar/foreverwar/trunk/CMakeFiles/CMakeTmp/testCXXCompiler.cxx
Linking CXX executable cmTryCompileExec2059869208
/usr/bin/cmake -E cmake_link_script CMakeFiles/cmTryCompileExec2059869208.dir/link.txt --verbose=1
/usr/lib64/ccache/c++          CMakeFiles/cmTryCompileExec2059869208.dir/testCXXCompiler.cxx.o  -o cmTryCompileExec2059869208 -rdynamic 
gmake[1]: Leaving directory `/tmp/polyvox/gui_example/foreverwar/foreverwar/trunk/CMakeFiles/CMakeTmp'


Detecting CXX compiler ABI info compiled with the following output:
Change Dir: /tmp/polyvox/gui_example/foreverwar/foreverwar/trunk/CMakeFiles/CMakeTmp

Run Build Command:/usr/bin/gmake "cmTryCompileExec3371919208/fast"
/usr/bin/gmake -f CMakeFiles/cmTryCompileExec3371919208.dir/build.make CMakeFiles/cmTryCompileExec3371919208.dir/build
gmake[1]: Entering directory `/tmp/polyvox/gui_example/foreverwar/foreverwar/trunk/CMakeFiles/CMakeTmp'
/usr/bin/cmake -E cmake_progress_report /tmp/polyvox/gui_example/foreverwar/foreverwar/trunk/CMakeFiles/CMakeTmp/CMakeFiles 1
Building CXX object CMakeFiles/cmTryCompileExec3371919208.dir/CMakeCXXCompilerABI.cpp.o
/usr/lib64/ccache/c++     -o CMakeFiles/cmTryCompileExec3371919208.dir/CMakeCXXCompilerABI.cpp.o -c /usr/share/cmake/Modules/CMakeCXXCompilerABI.cpp
Linking CXX executable cmTryCompileExec3371919208
/usr/bin/cmake -E cmake_link_script CMakeFiles/cmTryCompileExec3371919208.dir/link.txt --verbose=1
/usr/lib64/ccache/c++        -v CMakeFiles/cmTryCompileExec3371919208.dir/CMakeCXXCompilerABI.cpp.o  -o cmTryCompileExec3371919208 -rdynamic  
Using built-in specs.
COLLECT_GCC=/usr/bin/c++
COLLECT_LTO_WRAPPER=/usr/libexec/gcc/x86_64-redhat-linux/4.6.3/lto-wrapper
Target: x86_64-redhat-linux
Configured with: ../configure --prefix=/usr --mandir=/usr/share/man --infodir=/usr/share/info --with-bugurl=http://bugzilla.redhat.com/bugzilla --enable-bootstrap --enable-shared --enable-threads=posix --enable-checking=release --with-system-zlib --enable-__cxa_atexit --disable-libunwind-exceptions --enable-gnu-unique-object --enable-linker-build-id --enable-languages=c,c++,objc,obj-c++,java,fortran,ada,go,lto --enable-plugin --enable-java-awt=gtk --disable-dssi --with-java-home=/usr/lib/jvm/java-1.5.0-gcj-1.5.0.0/jre --enable-libgcj-multifile --enable-java-maintainer-mode --with-ecj-jar=/usr/share/java/eclipse-ecj.jar --disable-libjava-multilib --with-ppl --with-cloog --with-tune=generic --with-arch_32=i686 --build=x86_64-redhat-linux
Thread model: posix
gcc version 4.6.3 20120306 (Red Hat 4.6.3-2) (GCC) 
COMPILER_PATH=/usr/libexec/gcc/x86_64-redhat-linux/4.6.3/:/usr/libexec/gcc/x86_64-redhat-linux/4.6.3/:/usr/libexec/gcc/x86_64-redhat-linux/:/usr/lib/gcc/x86_64-redhat-linux/4.6.3/:/usr/lib/gcc/x86_64-redhat-linux/
LIBRARY_PATH=/usr/lib/gcc/x86_64-redhat-linux/4.6.3/:/usr/lib/gcc/x86_64-redhat-linux/4.6.3/../../../../lib64/:/lib/../lib64/:/usr/lib/../lib64/:/usr/lib/gcc/x86_64-redhat-linux/4.6.3/../../../:/lib/:/usr/lib/
COLLECT_GCC_OPTIONS='-v' '-o' 'cmTryCompileExec3371919208' '-rdynamic' '-shared-libgcc' '-mtune=generic' '-march=x86-64'
 /usr/libexec/gcc/x86_64-redhat-linux/4.6.3/collect2 --build-id --no-add-needed --eh-frame-hdr -m elf_x86_64 --hash-style=gnu -export-dynamic -dynamic-linker /lib64/ld-linux-x86-64.so.2 -o cmTryCompileExec3371919208 /usr/lib/gcc/x86_64-redhat-linux/4.6.3/../../../../lib64/crt1.o /usr/lib/gcc/x86_64-redhat-linux/4.6.3/../../../../lib64/crti.o /usr/lib/gcc/x86_64-redhat-linux/4.6.3/crtbegin.o -L/usr/lib/gcc/x86_64-redhat-linux/4.6.3 -L/usr/lib/gcc/x86_64-redhat-linux/4.6.3/../../../../lib64 -L/lib/../lib64 -L/usr/lib/../lib64 -L/usr/lib/gcc/x86_64-redhat-linux/4.6.3/../../.. CMakeFiles/cmTryCompileExec3371919208.dir/CMakeCXXCompilerABI.cpp.o -lstdc++ -lm -lgcc_s -lgcc -lc -lgcc_s -lgcc /usr/lib/gcc/x86_64-redhat-linux/4.6.3/crtend.o /usr/lib/gcc/x86_64-redhat-linux/4.6.3/../../../../lib64/crtn.o
gmake[1]: Leaving directory `/tmp/polyvox/gui_example/foreverwar/foreverwar/trunk/CMakeFiles/CMakeTmp'


Parsed CXX implicit link information from above output:
  link line regex: [^( *|.*[/\])(ld|ld|collect2)[^/\]*( |$)]
  ignore line: [Change Dir: /tmp/polyvox/gui_example/foreverwar/foreverwar/trunk/CMakeFiles/CMakeTmp]
  ignore line: []
  ignore line: [Run Build Command:/usr/bin/gmake "cmTryCompileExec3371919208/fast"]
  ignore line: [/usr/bin/gmake -f CMakeFiles/cmTryCompileExec3371919208.dir/build.make CMakeFiles/cmTryCompileExec3371919208.dir/build]
  ignore line: [gmake[1]: Entering directory `/tmp/polyvox/gui_example/foreverwar/foreverwar/trunk/CMakeFiles/CMakeTmp']
  ignore line: [/usr/bin/cmake -E cmake_progress_report /tmp/polyvox/gui_example/foreverwar/foreverwar/trunk/CMakeFiles/CMakeTmp/CMakeFiles 1]
  ignore line: [Building CXX object CMakeFiles/cmTryCompileExec3371919208.dir/CMakeCXXCompilerABI.cpp.o]
  ignore line: [/usr/lib64/ccache/c++     -o CMakeFiles/cmTryCompileExec3371919208.dir/CMakeCXXCompilerABI.cpp.o -c /usr/share/cmake/Modules/CMakeCXXCompilerABI.cpp]
  ignore line: [Linking CXX executable cmTryCompileExec3371919208]
  ignore line: [/usr/bin/cmake -E cmake_link_script CMakeFiles/cmTryCompileExec3371919208.dir/link.txt --verbose=1]
  ignore line: [/usr/lib64/ccache/c++        -v CMakeFiles/cmTryCompileExec3371919208.dir/CMakeCXXCompilerABI.cpp.o  -o cmTryCompileExec3371919208 -rdynamic  ]
  ignore line: [Using built-in specs.]
  ignore line: [COLLECT_GCC=/usr/bin/c++]
  ignore line: [COLLECT_LTO_WRAPPER=/usr/libexec/gcc/x86_64-redhat-linux/4.6.3/lto-wrapper]
  ignore line: [Target: x86_64-redhat-linux]
  ignore line: [Configured with: ../configure --prefix=/usr --mandir=/usr/share/man --infodir=/usr/share/info --with-bugurl=http://bugzilla.redhat.com/bugzilla --enable-bootstrap --enable-shared --enable-threads=posix --enable-checking=release --with-system-zlib --enable-__cxa_atexit --disable-libunwind-exceptions --enable-gnu-unique-object --enable-linker-build-id --enable-languages=c,c++,objc,obj-c++,java,fortran,ada,go,lto --enable-plugin --enable-java-awt=gtk --disable-dssi --with-java-home=/usr/lib/jvm/java-1.5.0-gcj-1.5.0.0/jre --enable-libgcj-multifile --enable-java-maintainer-mode --with-ecj-jar=/usr/share/java/eclipse-ecj.jar --disable-libjava-multilib --with-ppl --with-cloog --with-tune=generic --with-arch_32=i686 --build=x86_64-redhat-linux]
  ignore line: [Thread model: posix]
  ignore line: [gcc version 4.6.3 20120306 (Red Hat 4.6.3-2) (GCC) ]
  ignore line: [COMPILER_PATH=/usr/libexec/gcc/x86_64-redhat-linux/4.6.3/:/usr/libexec/gcc/x86_64-redhat-linux/4.6.3/:/usr/libexec/gcc/x86_64-redhat-linux/:/usr/lib/gcc/x86_64-redhat-linux/4.6.3/:/usr/lib/gcc/x86_64-redhat-linux/]
  ignore line: [LIBRARY_PATH=/usr/lib/gcc/x86_64-redhat-linux/4.6.3/:/usr/lib/gcc/x86_64-redhat-linux/4.6.3/../../../../lib64/:/lib/../lib64/:/usr/lib/../lib64/:/usr/lib/gcc/x86_64-redhat-linux/4.6.3/../../../:/lib/:/usr/lib/]
  ignore line: [COLLECT_GCC_OPTIONS='-v' '-o' 'cmTryCompileExec3371919208' '-rdynamic' '-shared-libgcc' '-mtune=generic' '-march=x86-64']
  link line: [ /usr/libexec/gcc/x86_64-redhat-linux/4.6.3/collect2 --build-id --no-add-needed --eh-frame-hdr -m elf_x86_64 --hash-style=gnu -export-dynamic -dynamic-linker /lib64/ld-linux-x86-64.so.2 -o cmTryCompileExec3371919208 /usr/lib/gcc/x86_64-redhat-linux/4.6.3/../../../../lib64/crt1.o /usr/lib/gcc/x86_64-redhat-linux/4.6.3/../../../../lib64/crti.o /usr/lib/gcc/x86_64-redhat-linux/4.6.3/crtbegin.o -L/usr/lib/gcc/x86_64-redhat-linux/4.6.3 -L/usr/lib/gcc/x86_64-redhat-linux/4.6.3/../../../../lib64 -L/lib/../lib64 -L/usr/lib/../lib64 -L/usr/lib/gcc/x86_64-redhat-linux/4.6.3/../../.. CMakeFiles/cmTryCompileExec3371919208.dir/CMakeCXXCompilerABI.cpp.o -lstdc++ -lm -lgcc_s -lgcc -lc -lgcc_s -lgcc /usr/lib/gcc/x86_64-redhat-linux/4.6.3/crtend.o /usr/lib/gcc/x86_64-redhat-linux/4.6.3/../../../../lib64/crtn.o]
    arg [/usr/libexec/gcc/x86_64-redhat-linux/4.6.3/collect2] ==> ignore
    arg [--build-id] ==> ignore
    arg [--no-add-needed] ==> ignore
    arg [--eh-frame-hdr] ==> ignore
    arg [-m] ==> ignore
    arg [elf_x86_64] ==> ignore
    arg [--hash-style=gnu] ==> ignore
    arg [-export-dynamic] ==> ignore
    arg [-dynamic-linker] ==> ignore
    arg [/lib64/ld-linux-x86-64.so.2] ==> ignore
    arg [-o] ==> ignore
    arg [cmTryCompileExec3371919208] ==> ignore
    arg [/usr/lib/gcc/x86_64-redhat-linux/4.6.3/../../../../lib64/crt1.o] ==> ignore
    arg [/usr/lib/gcc/x86_64-redhat-linux/4.6.3/../../../../lib64/crti.o] ==> ignore
    arg [/usr/lib/gcc/x86_64-redhat-linux/4.6.3/crtbegin.o] ==> ignore
    arg [-L/usr/lib/gcc/x86_64-redhat-linux/4.6.3] ==> dir [/usr/lib/gcc/x86_64-redhat-linux/4.6.3]
    arg [-L/usr/lib/gcc/x86_64-redhat-linux/4.6.3/../../../../lib64] ==> dir [/usr/lib/gcc/x86_64-redhat-linux/4.6.3/../../../../lib64]
    arg [-L/lib/../lib64] ==> dir [/lib/../lib64]
    arg [-L/usr/lib/../lib64] ==> dir [/usr/lib/../lib64]
    arg [-L/usr/lib/gcc/x86_64-redhat-linux/4.6.3/../../..] ==> dir [/usr/lib/gcc/x86_64-redhat-linux/4.6.3/../../..]
    arg [CMakeFiles/cmTryCompileExec3371919208.dir/CMakeCXXCompilerABI.cpp.o] ==> ignore
    arg [-lstdc++] ==> lib [stdc++]
    arg [-lm] ==> lib [m]
    arg [-lgcc_s] ==> lib [gcc_s]
    arg [-lgcc] ==> lib [gcc]
    arg [-lc] ==> lib [c]
    arg [-lgcc_s] ==> lib [gcc_s]
    arg [-lgcc] ==> lib [gcc]
    arg [/usr/lib/gcc/x86_64-redhat-linux/4.6.3/crtend.o] ==> ignore
    arg [/usr/lib/gcc/x86_64-redhat-linux/4.6.3/../../../../lib64/crtn.o] ==> ignore
  remove lib [gcc_s]
  remove lib [gcc]
  remove lib [gcc_s]
  remove lib [gcc]
  collapse dir [/usr/lib/gcc/x86_64-redhat-linux/4.6.3] ==> [/usr/lib/gcc/x86_64-redhat-linux/4.6.3]
  collapse dir [/usr/lib/gcc/x86_64-redhat-linux/4.6.3/../../../../lib64] ==> [/usr/lib64]
  collapse dir [/lib/../lib64] ==> [/lib64]
  collapse dir [/usr/lib/../lib64] ==> [/usr/lib64]
  collapse dir [/usr/lib/gcc/x86_64-redhat-linux/4.6.3/../../..] ==> [/usr/lib]
  implicit libs: [stdc++;m;c]
  implicit dirs: [/usr/lib/gcc/x86_64-redhat-linux/4.6.3;/usr/lib64;/lib64;/usr/lib]


The system is: Linux - 3.4.11-1.fc16.x86_64 - x86_64
Compiling the C compiler identification source file "CMakeCCompilerId.c" succeeded.
Compiler: /usr/lib64/ccache/gcc 
Build flags: 
Id flags: 

The output was:
0


Compilation of the C compiler identification source "CMakeCCompilerId.c" produced "a.out"

The C compiler identification is GNU, found in "/home/s0998dm1/dev_enviroment/foreverwar.svn.latest/foreverwar/trunk/CMakeFiles/CompilerIdC/a.out"

Compiling the CXX compiler identification source file "CMakeCXXCompilerId.cpp" succeeded.
Compiler: /usr/lib64/ccache/c++ 
Build flags: 
Id flags: 

The output was:
0


Compilation of the CXX compiler identification source "CMakeCXXCompilerId.cpp" produced "a.out"

The CXX compiler identification is GNU, found in "/home/s0998dm1/dev_enviroment/foreverwar.svn.latest/foreverwar/trunk/CMakeFiles/CompilerIdCXX/a.out"

Determining if the C compiler works passed with the following output:
Change Dir: /home/s0998dm1/dev_enviroment/foreverwar.svn.latest/foreverwar/trunk/CMakeFiles/CMakeTmp

Run Build Command:/usr/bin/gmake "cmTryCompileExec2167743275/fast"
/usr/bin/gmake -f CMakeFiles/cmTryCompileExec2167743275.dir/build.make CMakeFiles/cmTryCompileExec2167743275.dir/build
gmake[1]: Entering directory `/home/s0998dm1/dev_enviroment/foreverwar.svn.latest/foreverwar/trunk/CMakeFiles/CMakeTmp'
/usr/bin/cmake -E cmake_progress_report /home/s0998dm1/dev_enviroment/foreverwar.svn.latest/foreverwar/trunk/CMakeFiles/CMakeTmp/CMakeFiles 1
Building C object CMakeFiles/cmTryCompileExec2167743275.dir/testCCompiler.c.o
/usr/lib64/ccache/gcc    -o CMakeFiles/cmTryCompileExec2167743275.dir/testCCompiler.c.o   -c /home/s0998dm1/dev_enviroment/foreverwar.svn.latest/foreverwar/trunk/CMakeFiles/CMakeTmp/testCCompiler.c
Linking C executable cmTryCompileExec2167743275
/usr/bin/cmake -E cmake_link_script CMakeFiles/cmTryCompileExec2167743275.dir/link.txt --verbose=1
/usr/lib64/ccache/gcc         CMakeFiles/cmTryCompileExec2167743275.dir/testCCompiler.c.o  -o cmTryCompileExec2167743275 -rdynamic 
gmake[1]: Leaving directory `/home/s0998dm1/dev_enviroment/foreverwar.svn.latest/foreverwar/trunk/CMakeFiles/CMakeTmp'


Detecting C compiler ABI info compiled with the following output:
Change Dir: /home/s0998dm1/dev_enviroment/foreverwar.svn.latest/foreverwar/trunk/CMakeFiles/CMakeTmp

Run Build Command:/usr/bin/gmake "cmTryCompileExec2592054451/fast"
/usr/bin/gmake -f CMakeFiles/cmTryCompileExec2592054451.dir/build.make CMakeFiles/cmTryCompileExec2592054451.dir/build
gmake[1]: Entering directory `/home/s0998dm1/dev_enviroment/foreverwar.svn.latest/foreverwar/trunk/CMakeFiles/CMakeTmp'
/usr/bin/cmake -E cmake_progress_report /home/s0998dm1/dev_enviroment/foreverwar.svn.latest/foreverwar/trunk/CMakeFiles/CMakeTmp/CMakeFiles 1
Building C object CMakeFiles/cmTryCompileExec2592054451.dir/CMakeCCompilerABI.c.o
/usr/lib64/ccache/gcc    -o CMakeFiles/cmTryCompileExec2592054451.dir/CMakeCCompilerABI.c.o   -c /usr/share/cmake/Modules/CMakeCCompilerABI.c
Linking C executable cmTryCompileExec2592054451
/usr/bin/cmake -E cmake_link_script CMakeFiles/cmTryCompileExec2592054451.dir/link.txt --verbose=1
/usr/lib64/ccache/gcc       -v CMakeFiles/cmTryCompileExec2592054451.dir/CMakeCCompilerABI.c.o  -o cmTryCompileExec2592054451 -rdynamic  
Using built-in specs.
COLLECT_GCC=/usr/bin/gcc
COLLECT_LTO_WRAPPER=/usr/libexec/gcc/x86_64-redhat-linux/4.6.3/lto-wrapper
Target: x86_64-redhat-linux
Configured with: ../configure --prefix=/usr --mandir=/usr/share/man --infodir=/usr/share/info --with-bugurl=http://bugzilla.redhat.com/bugzilla --enable-bootstrap --enable-shared --enable-threads=posix --enable-checking=release --with-system-zlib --enable-__cxa_atexit --disable-libunwind-exceptions --enable-gnu-unique-object --enable-linker-build-id --enable-languages=c,c++,objc,obj-c++,java,fortran,ada,go,lto --enable-plugin --enable-java-awt=gtk --disable-dssi --with-java-home=/usr/lib/jvm/java-1.5.0-gcj-1.5.0.0/jre --enable-libgcj-multifile --enable-java-maintainer-mode --with-ecj-jar=/usr/share/java/eclipse-ecj.jar --disable-libjava-multilib --with-ppl --with-cloog --with-tune=generic --with-arch_32=i686 --build=x86_64-redhat-linux
Thread model: posix
gcc version 4.6.3 20120306 (Red Hat 4.6.3-2) (GCC) 
COMPILER_PATH=/usr/libexec/gcc/x86_64-redhat-linux/4.6.3/:/usr/libexec/gcc/x86_64-redhat-linux/4.6.3/:/usr/libexec/gcc/x86_64-redhat-linux/:/usr/lib/gcc/x86_64-redhat-linux/4.6.3/:/usr/lib/gcc/x86_64-redhat-linux/
LIBRARY_PATH=/usr/lib/gcc/x86_64-redhat-linux/4.6.3/:/usr/lib/gcc/x86_64-redhat-linux/4.6.3/../../../../lib64/:/lib/../lib64/:/usr/lib/../lib64/:/usr/lib/gcc/x86_64-redhat-linux/4.6.3/../../../:/lib/:/usr/lib/
COLLECT_GCC_OPTIONS='-v' '-o' 'cmTryCompileExec2592054451' '-rdynamic' '-mtune=generic' '-march=x86-64'
 /usr/libexec/gcc/x86_64-redhat-linux/4.6.3/collect2 --build-id --no-add-needed --eh-frame-hdr -m elf_x86_64 --hash-style=gnu -export-dynamic -dynamic-linker /lib64/ld-linux-x86-64.so.2 -o cmTryCompileExec2592054451 /usr/lib/gcc/x86_64-redhat-linux/4.6.3/../../../../lib64/crt1.o /usr/lib/gcc/x86_64-redhat-linux/4.6.3/../../../../lib64/crti.o /usr/lib/gcc/x86_64-redhat-linux/4.6.3/crtbegin.o -L/usr/lib/gcc/x86_64-redhat-linux/4.6.3 -L/usr/lib/gcc/x86_64-redhat-linux/4.6.3/../../../../lib64 -L/lib/../lib64 -L/usr/lib/../lib64 -L/usr/lib/gcc/x86_64-redhat-linux/4.6.3/../../.. CMakeFiles/cmTryCompileExec2592054451.dir/CMakeCCompilerABI.c.o -lgcc --as-needed -lgcc_s --no-as-needed -lc -lgcc --as-needed -lgcc_s --no-as-needed /usr/lib/gcc/x86_64-redhat-linux/4.6.3/crtend.o /usr/lib/gcc/x86_64-redhat-linux/4.6.3/../../../../lib64/crtn.o
gmake[1]: Leaving directory `/home/s0998dm1/dev_enviroment/foreverwar.svn.latest/foreverwar/trunk/CMakeFiles/CMakeTmp'


Parsed C implicit link information from above output:
  link line regex: [^( *|.*[/\])(ld|ld|collect2)[^/\]*( |$)]
  ignore line: [Change Dir: /home/s0998dm1/dev_enviroment/foreverwar.svn.latest/foreverwar/trunk/CMakeFiles/CMakeTmp]
  ignore line: []
  ignore line: [Run Build Command:/usr/bin/gmake "cmTryCompileExec2592054451/fast"]
  ignore line: [/usr/bin/gmake -f CMakeFiles/cmTryCompileExec2592054451.dir/build.make CMakeFiles/cmTryCompileExec2592054451.dir/build]
  ignore line: [gmake[1]: Entering directory `/home/s0998dm1/dev_enviroment/foreverwar.svn.latest/foreverwar/trunk/CMakeFiles/CMakeTmp']
  ignore line: [/usr/bin/cmake -E cmake_progress_report /home/s0998dm1/dev_enviroment/foreverwar.svn.latest/foreverwar/trunk/CMakeFiles/CMakeTmp/CMakeFiles 1]
  ignore line: [Building C object CMakeFiles/cmTryCompileExec2592054451.dir/CMakeCCompilerABI.c.o]
  ignore line: [/usr/lib64/ccache/gcc    -o CMakeFiles/cmTryCompileExec2592054451.dir/CMakeCCompilerABI.c.o   -c /usr/share/cmake/Modules/CMakeCCompilerABI.c]
  ignore line: [Linking C executable cmTryCompileExec2592054451]
  ignore line: [/usr/bin/cmake -E cmake_link_script CMakeFiles/cmTryCompileExec2592054451.dir/link.txt --verbose=1]
  ignore line: [/usr/lib64/ccache/gcc       -v CMakeFiles/cmTryCompileExec2592054451.dir/CMakeCCompilerABI.c.o  -o cmTryCompileExec2592054451 -rdynamic  ]
  ignore line: [Using built-in specs.]
  ignore line: [COLLECT_GCC=/usr/bin/gcc]
  ignore line: [COLLECT_LTO_WRAPPER=/usr/libexec/gcc/x86_64-redhat-linux/4.6.3/lto-wrapper]
  ignore line: [Target: x86_64-redhat-linux]
  ignore line: [Configured with: ../configure --prefix=/usr --mandir=/usr/share/man --infodir=/usr/share/info --with-bugurl=http://bugzilla.redhat.com/bugzilla --enable-bootstrap --enable-shared --enable-threads=posix --enable-checking=release --with-system-zlib --enable-__cxa_atexit --disable-libunwind-exceptions --enable-gnu-unique-object --enable-linker-build-id --enable-languages=c,c++,objc,obj-c++,java,fortran,ada,go,lto --enable-plugin --enable-java-awt=gtk --disable-dssi --with-java-home=/usr/lib/jvm/java-1.5.0-gcj-1.5.0.0/jre --enable-libgcj-multifile --enable-java-maintainer-mode --with-ecj-jar=/usr/share/java/eclipse-ecj.jar --disable-libjava-multilib --with-ppl --with-cloog --with-tune=generic --with-arch_32=i686 --build=x86_64-redhat-linux]
  ignore line: [Thread model: posix]
  ignore line: [gcc version 4.6.3 20120306 (Red Hat 4.6.3-2) (GCC) ]
  ignore line: [COMPILER_PATH=/usr/libexec/gcc/x86_64-redhat-linux/4.6.3/:/usr/libexec/gcc/x86_64-redhat-linux/4.6.3/:/usr/libexec/gcc/x86_64-redhat-linux/:/usr/lib/gcc/x86_64-redhat-linux/4.6.3/:/usr/lib/gcc/x86_64-redhat-linux/]
  ignore line: [LIBRARY_PATH=/usr/lib/gcc/x86_64-redhat-linux/4.6.3/:/usr/lib/gcc/x86_64-redhat-linux/4.6.3/../../../../lib64/:/lib/../lib64/:/usr/lib/../lib64/:/usr/lib/gcc/x86_64-redhat-linux/4.6.3/../../../:/lib/:/usr/lib/]
  ignore line: [COLLECT_GCC_OPTIONS='-v' '-o' 'cmTryCompileExec2592054451' '-rdynamic' '-mtune=generic' '-march=x86-64']
  link line: [ /usr/libexec/gcc/x86_64-redhat-linux/4.6.3/collect2 --build-id --no-add-needed --eh-frame-hdr -m elf_x86_64 --hash-style=gnu -export-dynamic -dynamic-linker /lib64/ld-linux-x86-64.so.2 -o cmTryCompileExec2592054451 /usr/lib/gcc/x86_64-redhat-linux/4.6.3/../../../../lib64/crt1.o /usr/lib/gcc/x86_64-redhat-linux/4.6.3/../../../../lib64/crti.o /usr/lib/gcc/x86_64-redhat-linux/4.6.3/crtbegin.o -L/usr/lib/gcc/x86_64-redhat-linux/4.6.3 -L/usr/lib/gcc/x86_64-redhat-linux/4.6.3/../../../../lib64 -L/lib/../lib64 -L/usr/lib/../lib64 -L/usr/lib/gcc/x86_64-redhat-linux/4.6.3/../../.. CMakeFiles/cmTryCompileExec2592054451.dir/CMakeCCompilerABI.c.o -lgcc --as-needed -lgcc_s --no-as-needed -lc -lgcc --as-needed -lgcc_s --no-as-needed /usr/lib/gcc/x86_64-redhat-linux/4.6.3/crtend.o /usr/lib/gcc/x86_64-redhat-linux/4.6.3/../../../../lib64/crtn.o]
    arg [/usr/libexec/gcc/x86_64-redhat-linux/4.6.3/collect2] ==> ignore
    arg [--build-id] ==> ignore
    arg [--no-add-needed] ==> ignore
    arg [--eh-frame-hdr] ==> ignore
    arg [-m] ==> ignore
    arg [elf_x86_64] ==> ignore
    arg [--hash-style=gnu] ==> ignore
    arg [-export-dynamic] ==> ignore
    arg [-dynamic-linker] ==> ignore
    arg [/lib64/ld-linux-x86-64.so.2] ==> ignore
    arg [-o] ==> ignore
    arg [cmTryCompileExec2592054451] ==> ignore
    arg [/usr/lib/gcc/x86_64-redhat-linux/4.6.3/../../../../lib64/crt1.o] ==> ignore
    arg [/usr/lib/gcc/x86_64-redhat-linux/4.6.3/../../../../lib64/crti.o] ==> ignore
    arg [/usr/lib/gcc/x86_64-redhat-linux/4.6.3/crtbegin.o] ==> ignore
    arg [-L/usr/lib/gcc/x86_64-redhat-linux/4.6.3] ==> dir [/usr/lib/gcc/x86_64-redhat-linux/4.6.3]
    arg [-L/usr/lib/gcc/x86_64-redhat-linux/4.6.3/../../../../lib64] ==> dir [/usr/lib/gcc/x86_64-redhat-linux/4.6.3/../../../../lib64]
    arg [-L/lib/../lib64] ==> dir [/lib/../lib64]
    arg [-L/usr/lib/../lib64] ==> dir [/usr/lib/../lib64]
    arg [-L/usr/lib/gcc/x86_64-redhat-linux/4.6.3/../../..] ==> dir [/usr/lib/gcc/x86_64-redhat-linux/4.6.3/../../..]
    arg [CMakeFiles/cmTryCompileExec2592054451.dir/CMakeCCompilerABI.c.o] ==> ignore
    arg [-lgcc] ==> lib [gcc]
    arg [--as-needed] ==> ignore
    arg [-lgcc_s] ==> lib [gcc_s]
    arg [--no-as-needed] ==> ignore
    arg [-lc] ==> lib [c]
    arg [-lgcc] ==> lib [gcc]
    arg [--as-needed] ==> ignore
    arg [-lgcc_s] ==> lib [gcc_s]
    arg [--no-as-needed] ==> ignore
    arg [/usr/lib/gcc/x86_64-redhat-linux/4.6.3/crtend.o] ==> ignore
    arg [/usr/lib/gcc/x86_64-redhat-linux/4.6.3/../../../../lib64/crtn.o] ==> ignore
  remove lib [gcc]
  remove lib [gcc_s]
  remove lib [gcc]
  remove lib [gcc_s]
  collapse dir [/usr/lib/gcc/x86_64-redhat-linux/4.6.3] ==> [/usr/lib/gcc/x86_64-redhat-linux/4.6.3]
  collapse dir [/usr/lib/gcc/x86_64-redhat-linux/4.6.3/../../../../lib64] ==> [/usr/lib64]
  collapse dir [/lib/../lib64] ==> [/lib64]
  collapse dir [/usr/lib/../lib64] ==> [/usr/lib64]
  collapse dir [/usr/lib/gcc/x86_64-redhat-linux/4.6.3/../../..] ==> [/usr/lib]
  implicit libs: [c]
  implicit dirs: [/usr/lib/gcc/x86_64-redhat-linux/4.6.3;/usr/lib64;/lib64;/usr/lib]


Determining if the CXX compiler works passed with the following output:
Change Dir: /home/s0998dm1/dev_enviroment/foreverwar.svn.latest/foreverwar/trunk/CMakeFiles/CMakeTmp

Run Build Command:/usr/bin/gmake "cmTryCompileExec4110534235/fast"
/usr/bin/gmake -f CMakeFiles/cmTryCompileExec4110534235.dir/build.make CMakeFiles/cmTryCompileExec4110534235.dir/build
gmake[1]: Entering directory `/home/s0998dm1/dev_enviroment/foreverwar.svn.latest/foreverwar/trunk/CMakeFiles/CMakeTmp'
/usr/bin/cmake -E cmake_progress_report /home/s0998dm1/dev_enviroment/foreverwar.svn.latest/foreverwar/trunk/CMakeFiles/CMakeTmp/CMakeFiles 1
Building CXX object CMakeFiles/cmTryCompileExec4110534235.dir/testCXXCompiler.cxx.o
/usr/lib64/ccache/c++     -o CMakeFiles/cmTryCompileExec4110534235.dir/testCXXCompiler.cxx.o -c /home/s0998dm1/dev_enviroment/foreverwar.svn.latest/foreverwar/trunk/CMakeFiles/CMakeTmp/testCXXCompiler.cxx
Linking CXX executable cmTryCompileExec4110534235
/usr/bin/cmake -E cmake_link_script CMakeFiles/cmTryCompileExec4110534235.dir/link.txt --verbose=1
/usr/lib64/ccache/c++          CMakeFiles/cmTryCompileExec4110534235.dir/testCXXCompiler.cxx.o  -o cmTryCompileExec4110534235 -rdynamic 
gmake[1]: Leaving directory `/home/s0998dm1/dev_enviroment/foreverwar.svn.latest/foreverwar/trunk/CMakeFiles/CMakeTmp'


Detecting CXX compiler ABI info compiled with the following output:
Change Dir: /home/s0998dm1/dev_enviroment/foreverwar.svn.latest/foreverwar/trunk/CMakeFiles/CMakeTmp

Run Build Command:/usr/bin/gmake "cmTryCompileExec2702134430/fast"
/usr/bin/gmake -f CMakeFiles/cmTryCompileExec2702134430.dir/build.make CMakeFiles/cmTryCompileExec2702134430.dir/build
gmake[1]: Entering directory `/home/s0998dm1/dev_enviroment/foreverwar.svn.latest/foreverwar/trunk/CMakeFiles/CMakeTmp'
/usr/bin/cmake -E cmake_progress_report /home/s0998dm1/dev_enviroment/foreverwar.svn.latest/foreverwar/trunk/CMakeFiles/CMakeTmp/CMakeFiles 1
Building CXX object CMakeFiles/cmTryCompileExec2702134430.dir/CMakeCXXCompilerABI.cpp.o
/usr/lib64/ccache/c++     -o CMakeFiles/cmTryCompileExec2702134430.dir/CMakeCXXCompilerABI.cpp.o -c /usr/share/cmake/Modules/CMakeCXXCompilerABI.cpp
Linking CXX executable cmTryCompileExec2702134430
/usr/bin/cmake -E cmake_link_script CMakeFiles/cmTryCompileExec2702134430.dir/link.txt --verbose=1
/usr/lib64/ccache/c++        -v CMakeFiles/cmTryCompileExec2702134430.dir/CMakeCXXCompilerABI.cpp.o  -o cmTryCompileExec2702134430 -rdynamic  
Using built-in specs.
COLLECT_GCC=/usr/bin/c++
COLLECT_LTO_WRAPPER=/usr/libexec/gcc/x86_64-redhat-linux/4.6.3/lto-wrapper
Target: x86_64-redhat-linux
Configured with: ../configure --prefix=/usr --mandir=/usr/share/man --infodir=/usr/share/info --with-bugurl=http://bugzilla.redhat.com/bugzilla --enable-bootstrap --enable-shared --enable-threads=posix --enable-checking=release --with-system-zlib --enable-__cxa_atexit --disable-libunwind-exceptions --enable-gnu-unique-object --enable-linker-build-id --enable-languages=c,c++,objc,obj-c++,java,fortran,ada,go,lto --enable-plugin --enable-java-awt=gtk --disable-dssi --with-java-home=/usr/lib/jvm/java-1.5.0-gcj-1.5.0.0/jre --enable-libgcj-multifile --enable-java-maintainer-mode --with-ecj-jar=/usr/share/java/eclipse-ecj.jar --disable-libjava-multilib --with-ppl --with-cloog --with-tune=generic --with-arch_32=i686 --build=x86_64-redhat-linux
Thread model: posix
gcc version 4.6.3 20120306 (Red Hat 4.6.3-2) (GCC) 
COMPILER_PATH=/usr/libexec/gcc/x86_64-redhat-linux/4.6.3/:/usr/libexec/gcc/x86_64-redhat-linux/4.6.3/:/usr/libexec/gcc/x86_64-redhat-linux/:/usr/lib/gcc/x86_64-redhat-linux/4.6.3/:/usr/lib/gcc/x86_64-redhat-linux/
LIBRARY_PATH=/usr/lib/gcc/x86_64-redhat-linux/4.6.3/:/usr/lib/gcc/x86_64-redhat-linux/4.6.3/../../../../lib64/:/lib/../lib64/:/usr/lib/../lib64/:/usr/lib/gcc/x86_64-redhat-linux/4.6.3/../../../:/lib/:/usr/lib/
COLLECT_GCC_OPTIONS='-v' '-o' 'cmTryCompileExec2702134430' '-rdynamic' '-shared-libgcc' '-mtune=generic' '-march=x86-64'
 /usr/libexec/gcc/x86_64-redhat-linux/4.6.3/collect2 --build-id --no-add-needed --eh-frame-hdr -m elf_x86_64 --hash-style=gnu -export-dynamic -dynamic-linker /lib64/ld-linux-x86-64.so.2 -o cmTryCompileExec2702134430 /usr/lib/gcc/x86_64-redhat-linux/4.6.3/../../../../lib64/crt1.o /usr/lib/gcc/x86_64-redhat-linux/4.6.3/../../../../lib64/crti.o /usr/lib/gcc/x86_64-redhat-linux/4.6.3/crtbegin.o -L/usr/lib/gcc/x86_64-redhat-linux/4.6.3 -L/usr/lib/gcc/x86_64-redhat-linux/4.6.3/../../../../lib64 -L/lib/../lib64 -L/usr/lib/../lib64 -L/usr/lib/gcc/x86_64-redhat-linux/4.6.3/../../.. CMakeFiles/cmTryCompileExec2702134430.dir/CMakeCXXCompilerABI.cpp.o -lstdc++ -lm -lgcc_s -lgcc -lc -lgcc_s -lgcc /usr/lib/gcc/x86_64-redhat-linux/4.6.3/crtend.o /usr/lib/gcc/x86_64-redhat-linux/4.6.3/../../../../lib64/crtn.o
gmake[1]: Leaving directory `/home/s0998dm1/dev_enviroment/foreverwar.svn.latest/foreverwar/trunk/CMakeFiles/CMakeTmp'


Parsed CXX implicit link information from above output:
  link line regex: [^( *|.*[/\])(ld|ld|collect2)[^/\]*( |$)]
  ignore line: [Change Dir: /home/s0998dm1/dev_enviroment/foreverwar.svn.latest/foreverwar/trunk/CMakeFiles/CMakeTmp]
  ignore line: []
  ignore line: [Run Build Command:/usr/bin/gmake "cmTryCompileExec2702134430/fast"]
  ignore line: [/usr/bin/gmake -f CMakeFiles/cmTryCompileExec2702134430.dir/build.make CMakeFiles/cmTryCompileExec2702134430.dir/build]
  ignore line: [gmake[1]: Entering directory `/home/s0998dm1/dev_enviroment/foreverwar.svn.latest/foreverwar/trunk/CMakeFiles/CMakeTmp']
  ignore line: [/usr/bin/cmake -E cmake_progress_report /home/s0998dm1/dev_enviroment/foreverwar.svn.latest/foreverwar/trunk/CMakeFiles/CMakeTmp/CMakeFiles 1]
  ignore line: [Building CXX object CMakeFiles/cmTryCompileExec2702134430.dir/CMakeCXXCompilerABI.cpp.o]
  ignore line: [/usr/lib64/ccache/c++     -o CMakeFiles/cmTryCompileExec2702134430.dir/CMakeCXXCompilerABI.cpp.o -c /usr/share/cmake/Modules/CMakeCXXCompilerABI.cpp]
  ignore line: [Linking CXX executable cmTryCompileExec2702134430]
  ignore line: [/usr/bin/cmake -E cmake_link_script CMakeFiles/cmTryCompileExec2702134430.dir/link.txt --verbose=1]
  ignore line: [/usr/lib64/ccache/c++        -v CMakeFiles/cmTryCompileExec2702134430.dir/CMakeCXXCompilerABI.cpp.o  -o cmTryCompileExec2702134430 -rdynamic  ]
  ignore line: [Using built-in specs.]
  ignore line: [COLLECT_GCC=/usr/bin/c++]
  ignore line: [COLLECT_LTO_WRAPPER=/usr/libexec/gcc/x86_64-redhat-linux/4.6.3/lto-wrapper]
  ignore line: [Target: x86_64-redhat-linux]
  ignore line: [Configured with: ../configure --prefix=/usr --mandir=/usr/share/man --infodir=/usr/share/info --with-bugurl=http://bugzilla.redhat.com/bugzilla --enable-bootstrap --enable-shared --enable-threads=posix --enable-checking=release --with-system-zlib --enable-__cxa_atexit --disable-libunwind-exceptions --enable-gnu-unique-object --enable-linker-build-id --enable-languages=c,c++,objc,obj-c++,java,fortran,ada,go,lto --enable-plugin --enable-java-awt=gtk --disable-dssi --with-java-home=/usr/lib/jvm/java-1.5.0-gcj-1.5.0.0/jre --enable-libgcj-multifile --enable-java-maintainer-mode --with-ecj-jar=/usr/share/java/eclipse-ecj.jar --disable-libjava-multilib --with-ppl --with-cloog --with-tune=generic --with-arch_32=i686 --build=x86_64-redhat-linux]
  ignore line: [Thread model: posix]
  ignore line: [gcc version 4.6.3 20120306 (Red Hat 4.6.3-2) (GCC) ]
  ignore line: [COMPILER_PATH=/usr/libexec/gcc/x86_64-redhat-linux/4.6.3/:/usr/libexec/gcc/x86_64-redhat-linux/4.6.3/:/usr/libexec/gcc/x86_64-redhat-linux/:/usr/lib/gcc/x86_64-redhat-linux/4.6.3/:/usr/lib/gcc/x86_64-redhat-linux/]
  ignore line: [LIBRARY_PATH=/usr/lib/gcc/x86_64-redhat-linux/4.6.3/:/usr/lib/gcc/x86_64-redhat-linux/4.6.3/../../../../lib64/:/lib/../lib64/:/usr/lib/../lib64/:/usr/lib/gcc/x86_64-redhat-linux/4.6.3/../../../:/lib/:/usr/lib/]
  ignore line: [COLLECT_GCC_OPTIONS='-v' '-o' 'cmTryCompileExec2702134430' '-rdynamic' '-shared-libgcc' '-mtune=generic' '-march=x86-64']
  link line: [ /usr/libexec/gcc/x86_64-redhat-linux/4.6.3/collect2 --build-id --no-add-needed --eh-frame-hdr -m elf_x86_64 --hash-style=gnu -export-dynamic -dynamic-linker /lib64/ld-linux-x86-64.so.2 -o cmTryCompileExec2702134430 /usr/lib/gcc/x86_64-redhat-linux/4.6.3/../../../../lib64/crt1.o /usr/lib/gcc/x86_64-redhat-linux/4.6.3/../../../../lib64/crti.o /usr/lib/gcc/x86_64-redhat-linux/4.6.3/crtbegin.o -L/usr/lib/gcc/x86_64-redhat-linux/4.6.3 -L/usr/lib/gcc/x86_64-redhat-linux/4.6.3/../../../../lib64 -L/lib/../lib64 -L/usr/lib/../lib64 -L/usr/lib/gcc/x86_64-redhat-linux/4.6.3/../../.. CMakeFiles/cmTryCompileExec2702134430.dir/CMakeCXXCompilerABI.cpp.o -lstdc++ -lm -lgcc_s -lgcc -lc -lgcc_s -lgcc /usr/lib/gcc/x86_64-redhat-linux/4.6.3/crtend.o /usr/lib/gcc/x86_64-redhat-linux/4.6.3/../../../../lib64/crtn.o]
    arg [/usr/libexec/gcc/x86_64-redhat-linux/4.6.3/collect2] ==> ignore
    arg [--build-id] ==> ignore
    arg [--no-add-needed] ==> ignore
    arg [--eh-frame-hdr] ==> ignore
    arg [-m] ==> ignore
    arg [elf_x86_64] ==> ignore
    arg [--hash-style=gnu] ==> ignore
    arg [-export-dynamic] ==> ignore
    arg [-dynamic-linker] ==> ignore
    arg [/lib64/ld-linux-x86-64.so.2] ==> ignore
    arg [-o] ==> ignore
    arg [cmTryCompileExec2702134430] ==> ignore
    arg [/usr/lib/gcc/x86_64-redhat-linux/4.6.3/../../../../lib64/crt1.o] ==> ignore
    arg [/usr/lib/gcc/x86_64-redhat-linux/4.6.3/../../../../lib64/crti.o] ==> ignore
    arg [/usr/lib/gcc/x86_64-redhat-linux/4.6.3/crtbegin.o] ==> ignore
    arg [-L/usr/lib/gcc/x86_64-redhat-linux/4.6.3] ==> dir [/usr/lib/gcc/x86_64-redhat-linux/4.6.3]
    arg [-L/usr/lib/gcc/x86_64-redhat-linux/4.6.3/../../../../lib64] ==> dir [/usr/lib/gcc/x86_64-redhat-linux/4.6.3/../../../../lib64]
    arg [-L/lib/../lib64] ==> dir [/lib/../lib64]
    arg [-L/usr/lib/../lib64] ==> dir [/usr/lib/../lib64]
    arg [-L/usr/lib/gcc/x86_64-redhat-linux/4.6.3/../../..] ==> dir [/usr/lib/gcc/x86_64-redhat-linux/4.6.3/../../..]
    arg [CMakeFiles/cmTryCompileExec2702134430.dir/CMakeCXXCompilerABI.cpp.o] ==> ignore
    arg [-lstdc++] ==> lib [stdc++]
    arg [-lm] ==> lib [m]
    arg [-lgcc_s] ==> lib [gcc_s]
    arg [-lgcc] ==> lib [gcc]
    arg [-lc] ==> lib [c]
    arg [-lgcc_s] ==> lib [gcc_s]
    arg [-lgcc] ==> lib [gcc]
    arg [/usr/lib/gcc/x86_64-redhat-linux/4.6.3/crtend.o] ==> ignore
    arg [/usr/lib/gcc/x86_64-redhat-linux/4.6.3/../../../../lib64/crtn.o] ==> ignore
  remove lib [gcc_s]
  remove lib [gcc]
  remove lib [gcc_s]
  remove lib [gcc]
  collapse dir [/usr/lib/gcc/x86_64-redhat-linux/4.6.3] ==> [/usr/lib/gcc/x86_64-redhat-linux/4.6.3]
  collapse dir [/usr/lib/gcc/x86_64-redhat-linux/4.6.3/../../../../lib64] ==> [/usr/lib64]
  collapse dir [/lib/../lib64] ==> [/lib64]
  collapse dir [/usr/lib/../lib64] ==> [/usr/lib64]
  collapse dir [/usr/lib/gcc/x86_64-redhat-linux/4.6.3/../../..] ==> [/usr/lib]
  implicit libs: [stdc++;m;c]
  implicit dirs: [/usr/lib/gcc/x86_64-redhat-linux/4.6.3;/usr/lib64;/lib64;/usr/lib]


The system is: Linux - 3.4.11-1.fc16.x86_64 - x86_64
Compiling the C compiler identification source file "CMakeCCompilerId.c" succeeded.
Compiler: /usr/lib64/ccache/gcc 
Build flags: 
Id flags: 

The output was:
0


Compilation of the C compiler identification source "CMakeCCompilerId.c" produced "a.out"

The C compiler identification is GNU, found in "/home/s0998dm1/dev_enviroment/foreverwar.svn.latest/foreverwar/trunk/CMakeFiles/CompilerIdC/a.out"

Compiling the CXX compiler identification source file "CMakeCXXCompilerId.cpp" succeeded.
Compiler: /usr/lib64/ccache/c++ 
Build flags: 
Id flags: 

The output was:
0


Compilation of the CXX compiler identification source "CMakeCXXCompilerId.cpp" produced "a.out"

The CXX compiler identification is GNU, found in "/home/s0998dm1/dev_enviroment/foreverwar.svn.latest/foreverwar/trunk/CMakeFiles/CompilerIdCXX/a.out"

Determining if the C compiler works passed with the following output:
Change Dir: /home/s0998dm1/dev_enviroment/foreverwar.svn.latest/foreverwar/trunk/CMakeFiles/CMakeTmp

Run Build Command:/usr/bin/gmake "cmTryCompileExec113953543/fast"
/usr/bin/gmake -f CMakeFiles/cmTryCompileExec113953543.dir/build.make CMakeFiles/cmTryCompileExec113953543.dir/build
gmake[1]: Entering directory `/home/s0998dm1/dev_enviroment/foreverwar.svn.latest/foreverwar/trunk/CMakeFiles/CMakeTmp'
/usr/bin/cmake -E cmake_progress_report /home/s0998dm1/dev_enviroment/foreverwar.svn.latest/foreverwar/trunk/CMakeFiles/CMakeTmp/CMakeFiles 1
Building C object CMakeFiles/cmTryCompileExec113953543.dir/testCCompiler.c.o
/usr/lib64/ccache/gcc    -o CMakeFiles/cmTryCompileExec113953543.dir/testCCompiler.c.o   -c /home/s0998dm1/dev_enviroment/foreverwar.svn.latest/foreverwar/trunk/CMakeFiles/CMakeTmp/testCCompiler.c
Linking C executable cmTryCompileExec113953543
/usr/bin/cmake -E cmake_link_script CMakeFiles/cmTryCompileExec113953543.dir/link.txt --verbose=1
/usr/lib64/ccache/gcc         CMakeFiles/cmTryCompileExec113953543.dir/testCCompiler.c.o  -o cmTryCompileExec113953543 -rdynamic 
gmake[1]: Leaving directory `/home/s0998dm1/dev_enviroment/foreverwar.svn.latest/foreverwar/trunk/CMakeFiles/CMakeTmp'


Detecting C compiler ABI info compiled with the following output:
Change Dir: /home/s0998dm1/dev_enviroment/foreverwar.svn.latest/foreverwar/trunk/CMakeFiles/CMakeTmp

Run Build Command:/usr/bin/gmake "cmTryCompileExec3916346522/fast"
/usr/bin/gmake -f CMakeFiles/cmTryCompileExec3916346522.dir/build.make CMakeFiles/cmTryCompileExec3916346522.dir/build
gmake[1]: Entering directory `/home/s0998dm1/dev_enviroment/foreverwar.svn.latest/foreverwar/trunk/CMakeFiles/CMakeTmp'
/usr/bin/cmake -E cmake_progress_report /home/s0998dm1/dev_enviroment/foreverwar.svn.latest/foreverwar/trunk/CMakeFiles/CMakeTmp/CMakeFiles 1
Building C object CMakeFiles/cmTryCompileExec3916346522.dir/CMakeCCompilerABI.c.o
/usr/lib64/ccache/gcc    -o CMakeFiles/cmTryCompileExec3916346522.dir/CMakeCCompilerABI.c.o   -c /usr/share/cmake/Modules/CMakeCCompilerABI.c
Linking C executable cmTryCompileExec3916346522
/usr/bin/cmake -E cmake_link_script CMakeFiles/cmTryCompileExec3916346522.dir/link.txt --verbose=1
/usr/lib64/ccache/gcc       -v CMakeFiles/cmTryCompileExec3916346522.dir/CMakeCCompilerABI.c.o  -o cmTryCompileExec3916346522 -rdynamic  
Using built-in specs.
COLLECT_GCC=/usr/bin/gcc
COLLECT_LTO_WRAPPER=/usr/libexec/gcc/x86_64-redhat-linux/4.6.3/lto-wrapper
Target: x86_64-redhat-linux
Configured with: ../configure --prefix=/usr --mandir=/usr/share/man --infodir=/usr/share/info --with-bugurl=http://bugzilla.redhat.com/bugzilla --enable-bootstrap --enable-shared --enable-threads=posix --enable-checking=release --with-system-zlib --enable-__cxa_atexit --disable-libunwind-exceptions --enable-gnu-unique-object --enable-linker-build-id --enable-languages=c,c++,objc,obj-c++,java,fortran,ada,go,lto --enable-plugin --enable-java-awt=gtk --disable-dssi --with-java-home=/usr/lib/jvm/java-1.5.0-gcj-1.5.0.0/jre --enable-libgcj-multifile --enable-java-maintainer-mode --with-ecj-jar=/usr/share/java/eclipse-ecj.jar --disable-libjava-multilib --with-ppl --with-cloog --with-tune=generic --with-arch_32=i686 --build=x86_64-redhat-linux
Thread model: posix
gcc version 4.6.3 20120306 (Red Hat 4.6.3-2) (GCC) 
COMPILER_PATH=/usr/libexec/gcc/x86_64-redhat-linux/4.6.3/:/usr/libexec/gcc/x86_64-redhat-linux/4.6.3/:/usr/libexec/gcc/x86_64-redhat-linux/:/usr/lib/gcc/x86_64-redhat-linux/4.6.3/:/usr/lib/gcc/x86_64-redhat-linux/
LIBRARY_PATH=/usr/lib/gcc/x86_64-redhat-linux/4.6.3/:/usr/lib/gcc/x86_64-redhat-linux/4.6.3/../../../../lib64/:/lib/../lib64/:/usr/lib/../lib64/:/usr/lib/gcc/x86_64-redhat-linux/4.6.3/../../../:/lib/:/usr/lib/
COLLECT_GCC_OPTIONS='-v' '-o' 'cmTryCompileExec3916346522' '-rdynamic' '-mtune=generic' '-march=x86-64'
 /usr/libexec/gcc/x86_64-redhat-linux/4.6.3/collect2 --build-id --no-add-needed --eh-frame-hdr -m elf_x86_64 --hash-style=gnu -export-dynamic -dynamic-linker /lib64/ld-linux-x86-64.so.2 -o cmTryCompileExec3916346522 /usr/lib/gcc/x86_64-redhat-linux/4.6.3/../../../../lib64/crt1.o /usr/lib/gcc/x86_64-redhat-linux/4.6.3/../../../../lib64/crti.o /usr/lib/gcc/x86_64-redhat-linux/4.6.3/crtbegin.o -L/usr/lib/gcc/x86_64-redhat-linux/4.6.3 -L/usr/lib/gcc/x86_64-redhat-linux/4.6.3/../../../../lib64 -L/lib/../lib64 -L/usr/lib/../lib64 -L/usr/lib/gcc/x86_64-redhat-linux/4.6.3/../../.. CMakeFiles/cmTryCompileExec3916346522.dir/CMakeCCompilerABI.c.o -lgcc --as-needed -lgcc_s --no-as-needed -lc -lgcc --as-needed -lgcc_s --no-as-needed /usr/lib/gcc/x86_64-redhat-linux/4.6.3/crtend.o /usr/lib/gcc/x86_64-redhat-linux/4.6.3/../../../../lib64/crtn.o
gmake[1]: Leaving directory `/home/s0998dm1/dev_enviroment/foreverwar.svn.latest/foreverwar/trunk/CMakeFiles/CMakeTmp'


Parsed C implicit link information from above output:
  link line regex: [^( *|.*[/\])(ld|ld|collect2)[^/\]*( |$)]
  ignore line: [Change Dir: /home/s0998dm1/dev_enviroment/foreverwar.svn.latest/foreverwar/trunk/CMakeFiles/CMakeTmp]
  ignore line: []
  ignore line: [Run Build Command:/usr/bin/gmake "cmTryCompileExec3916346522/fast"]
  ignore line: [/usr/bin/gmake -f CMakeFiles/cmTryCompileExec3916346522.dir/build.make CMakeFiles/cmTryCompileExec3916346522.dir/build]
  ignore line: [gmake[1]: Entering directory `/home/s0998dm1/dev_enviroment/foreverwar.svn.latest/foreverwar/trunk/CMakeFiles/CMakeTmp']
  ignore line: [/usr/bin/cmake -E cmake_progress_report /home/s0998dm1/dev_enviroment/foreverwar.svn.latest/foreverwar/trunk/CMakeFiles/CMakeTmp/CMakeFiles 1]
  ignore line: [Building C object CMakeFiles/cmTryCompileExec3916346522.dir/CMakeCCompilerABI.c.o]
  ignore line: [/usr/lib64/ccache/gcc    -o CMakeFiles/cmTryCompileExec3916346522.dir/CMakeCCompilerABI.c.o   -c /usr/share/cmake/Modules/CMakeCCompilerABI.c]
  ignore line: [Linking C executable cmTryCompileExec3916346522]
  ignore line: [/usr/bin/cmake -E cmake_link_script CMakeFiles/cmTryCompileExec3916346522.dir/link.txt --verbose=1]
  ignore line: [/usr/lib64/ccache/gcc       -v CMakeFiles/cmTryCompileExec3916346522.dir/CMakeCCompilerABI.c.o  -o cmTryCompileExec3916346522 -rdynamic  ]
  ignore line: [Using built-in specs.]
  ignore line: [COLLECT_GCC=/usr/bin/gcc]
  ignore line: [COLLECT_LTO_WRAPPER=/usr/libexec/gcc/x86_64-redhat-linux/4.6.3/lto-wrapper]
  ignore line: [Target: x86_64-redhat-linux]
  ignore line: [Configured with: ../configure --prefix=/usr --mandir=/usr/share/man --infodir=/usr/share/info --with-bugurl=http://bugzilla.redhat.com/bugzilla --enable-bootstrap --enable-shared --enable-threads=posix --enable-checking=release --with-system-zlib --enable-__cxa_atexit --disable-libunwind-exceptions --enable-gnu-unique-object --enable-linker-build-id --enable-languages=c,c++,objc,obj-c++,java,fortran,ada,go,lto --enable-plugin --enable-java-awt=gtk --disable-dssi --with-java-home=/usr/lib/jvm/java-1.5.0-gcj-1.5.0.0/jre --enable-libgcj-multifile --enable-java-maintainer-mode --with-ecj-jar=/usr/share/java/eclipse-ecj.jar --disable-libjava-multilib --with-ppl --with-cloog --with-tune=generic --with-arch_32=i686 --build=x86_64-redhat-linux]
  ignore line: [Thread model: posix]
  ignore line: [gcc version 4.6.3 20120306 (Red Hat 4.6.3-2) (GCC) ]
  ignore line: [COMPILER_PATH=/usr/libexec/gcc/x86_64-redhat-linux/4.6.3/:/usr/libexec/gcc/x86_64-redhat-linux/4.6.3/:/usr/libexec/gcc/x86_64-redhat-linux/:/usr/lib/gcc/x86_64-redhat-linux/4.6.3/:/usr/lib/gcc/x86_64-redhat-linux/]
  ignore line: [LIBRARY_PATH=/usr/lib/gcc/x86_64-redhat-linux/4.6.3/:/usr/lib/gcc/x86_64-redhat-linux/4.6.3/../../../../lib64/:/lib/../lib64/:/usr/lib/../lib64/:/usr/lib/gcc/x86_64-redhat-linux/4.6.3/../../../:/lib/:/usr/lib/]
  ignore line: [COLLECT_GCC_OPTIONS='-v' '-o' 'cmTryCompileExec3916346522' '-rdynamic' '-mtune=generic' '-march=x86-64']
  link line: [ /usr/libexec/gcc/x86_64-redhat-linux/4.6.3/collect2 --build-id --no-add-needed --eh-frame-hdr -m elf_x86_64 --hash-style=gnu -export-dynamic -dynamic-linker /lib64/ld-linux-x86-64.so.2 -o cmTryCompileExec3916346522 /usr/lib/gcc/x86_64-redhat-linux/4.6.3/../../../../lib64/crt1.o /usr/lib/gcc/x86_64-redhat-linux/4.6.3/../../../../lib64/crti.o /usr/lib/gcc/x86_64-redhat-linux/4.6.3/crtbegin.o -L/usr/lib/gcc/x86_64-redhat-linux/4.6.3 -L/usr/lib/gcc/x86_64-redhat-linux/4.6.3/../../../../lib64 -L/lib/../lib64 -L/usr/lib/../lib64 -L/usr/lib/gcc/x86_64-redhat-linux/4.6.3/../../.. CMakeFiles/cmTryCompileExec3916346522.dir/CMakeCCompilerABI.c.o -lgcc --as-needed -lgcc_s --no-as-needed -lc -lgcc --as-needed -lgcc_s --no-as-needed /usr/lib/gcc/x86_64-redhat-linux/4.6.3/crtend.o /usr/lib/gcc/x86_64-redhat-linux/4.6.3/../../../../lib64/crtn.o]
    arg [/usr/libexec/gcc/x86_64-redhat-linux/4.6.3/collect2] ==> ignore
    arg [--build-id] ==> ignore
    arg [--no-add-needed] ==> ignore
    arg [--eh-frame-hdr] ==> ignore
    arg [-m] ==> ignore
    arg [elf_x86_64] ==> ignore
    arg [--hash-style=gnu] ==> ignore
    arg [-export-dynamic] ==> ignore
    arg [-dynamic-linker] ==> ignore
    arg [/lib64/ld-linux-x86-64.so.2] ==> ignore
    arg [-o] ==> ignore
    arg [cmTryCompileExec3916346522] ==> ignore
    arg [/usr/lib/gcc/x86_64-redhat-linux/4.6.3/../../../../lib64/crt1.o] ==> ignore
    arg [/usr/lib/gcc/x86_64-redhat-linux/4.6.3/../../../../lib64/crti.o] ==> ignore
    arg [/usr/lib/gcc/x86_64-redhat-linux/4.6.3/crtbegin.o] ==> ignore
    arg [-L/usr/lib/gcc/x86_64-redhat-linux/4.6.3] ==> dir [/usr/lib/gcc/x86_64-redhat-linux/4.6.3]
    arg [-L/usr/lib/gcc/x86_64-redhat-linux/4.6.3/../../../../lib64] ==> dir [/usr/lib/gcc/x86_64-redhat-linux/4.6.3/../../../../lib64]
    arg [-L/lib/../lib64] ==> dir [/lib/../lib64]
    arg [-L/usr/lib/../lib64] ==> dir [/usr/lib/../lib64]
    arg [-L/usr/lib/gcc/x86_64-redhat-linux/4.6.3/../../..] ==> dir [/usr/lib/gcc/x86_64-redhat-linux/4.6.3/../../..]
    arg [CMakeFiles/cmTryCompileExec3916346522.dir/CMakeCCompilerABI.c.o] ==> ignore
    arg [-lgcc] ==> lib [gcc]
    arg [--as-needed] ==> ignore
    arg [-lgcc_s] ==> lib [gcc_s]
    arg [--no-as-needed] ==> ignore
    arg [-lc] ==> lib [c]
    arg [-lgcc] ==> lib [gcc]
    arg [--as-needed] ==> ignore
    arg [-lgcc_s] ==> lib [gcc_s]
    arg [--no-as-needed] ==> ignore
    arg [/usr/lib/gcc/x86_64-redhat-linux/4.6.3/crtend.o] ==> ignore
    arg [/usr/lib/gcc/x86_64-redhat-linux/4.6.3/../../../../lib64/crtn.o] ==> ignore
  remove lib [gcc]
  remove lib [gcc_s]
  remove lib [gcc]
  remove lib [gcc_s]
  collapse dir [/usr/lib/gcc/x86_64-redhat-linux/4.6.3] ==> [/usr/lib/gcc/x86_64-redhat-linux/4.6.3]
  collapse dir [/usr/lib/gcc/x86_64-redhat-linux/4.6.3/../../../../lib64] ==> [/usr/lib64]
  collapse dir [/lib/../lib64] ==> [/lib64]
  collapse dir [/usr/lib/../lib64] ==> [/usr/lib64]
  collapse dir [/usr/lib/gcc/x86_64-redhat-linux/4.6.3/../../..] ==> [/usr/lib]
  implicit libs: [c]
  implicit dirs: [/usr/lib/gcc/x86_64-redhat-linux/4.6.3;/usr/lib64;/lib64;/usr/lib]


Determining if the CXX compiler works passed with the following output:
Change Dir: /home/s0998dm1/dev_enviroment/foreverwar.svn.latest/foreverwar/trunk/CMakeFiles/CMakeTmp

Run Build Command:/usr/bin/gmake "cmTryCompileExec2221697379/fast"
/usr/bin/gmake -f CMakeFiles/cmTryCompileExec2221697379.dir/build.make CMakeFiles/cmTryCompileExec2221697379.dir/build
gmake[1]: Entering directory `/home/s0998dm1/dev_enviroment/foreverwar.svn.latest/foreverwar/trunk/CMakeFiles/CMakeTmp'
/usr/bin/cmake -E cmake_progress_report /home/s0998dm1/dev_enviroment/foreverwar.svn.latest/foreverwar/trunk/CMakeFiles/CMakeTmp/CMakeFiles 1
Building CXX object CMakeFiles/cmTryCompileExec2221697379.dir/testCXXCompiler.cxx.o
/usr/lib64/ccache/c++     -o CMakeFiles/cmTryCompileExec2221697379.dir/testCXXCompiler.cxx.o -c /home/s0998dm1/dev_enviroment/foreverwar.svn.latest/foreverwar/trunk/CMakeFiles/CMakeTmp/testCXXCompiler.cxx
Linking CXX executable cmTryCompileExec2221697379
/usr/bin/cmake -E cmake_link_script CMakeFiles/cmTryCompileExec2221697379.dir/link.txt --verbose=1
/usr/lib64/ccache/c++          CMakeFiles/cmTryCompileExec2221697379.dir/testCXXCompiler.cxx.o  -o cmTryCompileExec2221697379 -rdynamic 
gmake[1]: Leaving directory `/home/s0998dm1/dev_enviroment/foreverwar.svn.latest/foreverwar/trunk/CMakeFiles/CMakeTmp'


Detecting CXX compiler ABI info compiled with the following output:
Change Dir: /home/s0998dm1/dev_enviroment/foreverwar.svn.latest/foreverwar/trunk/CMakeFiles/CMakeTmp

Run Build Command:/usr/bin/gmake "cmTryCompileExec2342685843/fast"
/usr/bin/gmake -f CMakeFiles/cmTryCompileExec2342685843.dir/build.make CMakeFiles/cmTryCompileExec2342685843.dir/build
gmake[1]: Entering directory `/home/s0998dm1/dev_enviroment/foreverwar.svn.latest/foreverwar/trunk/CMakeFiles/CMakeTmp'
/usr/bin/cmake -E cmake_progress_report /home/s0998dm1/dev_enviroment/foreverwar.svn.latest/foreverwar/trunk/CMakeFiles/CMakeTmp/CMakeFiles 1
Building CXX object CMakeFiles/cmTryCompileExec2342685843.dir/CMakeCXXCompilerABI.cpp.o
/usr/lib64/ccache/c++     -o CMakeFiles/cmTryCompileExec2342685843.dir/CMakeCXXCompilerABI.cpp.o -c /usr/share/cmake/Modules/CMakeCXXCompilerABI.cpp
Linking CXX executable cmTryCompileExec2342685843
/usr/bin/cmake -E cmake_link_script CMakeFiles/cmTryCompileExec2342685843.dir/link.txt --verbose=1
/usr/lib64/ccache/c++        -v CMakeFiles/cmTryCompileExec2342685843.dir/CMakeCXXCompilerABI.cpp.o  -o cmTryCompileExec2342685843 -rdynamic  
Using built-in specs.
COLLECT_GCC=/usr/bin/c++
COLLECT_LTO_WRAPPER=/usr/libexec/gcc/x86_64-redhat-linux/4.6.3/lto-wrapper
Target: x86_64-redhat-linux
Configured with: ../configure --prefix=/usr --mandir=/usr/share/man --infodir=/usr/share/info --with-bugurl=http://bugzilla.redhat.com/bugzilla --enable-bootstrap --enable-shared --enable-threads=posix --enable-checking=release --with-system-zlib --enable-__cxa_atexit --disable-libunwind-exceptions --enable-gnu-unique-object --enable-linker-build-id --enable-languages=c,c++,objc,obj-c++,java,fortran,ada,go,lto --enable-plugin --enable-java-awt=gtk --disable-dssi --with-java-home=/usr/lib/jvm/java-1.5.0-gcj-1.5.0.0/jre --enable-libgcj-multifile --enable-java-maintainer-mode --with-ecj-jar=/usr/share/java/eclipse-ecj.jar --disable-libjava-multilib --with-ppl --with-cloog --with-tune=generic --with-arch_32=i686 --build=x86_64-redhat-linux
Thread model: posix
gcc version 4.6.3 20120306 (Red Hat 4.6.3-2) (GCC) 
COMPILER_PATH=/usr/libexec/gcc/x86_64-redhat-linux/4.6.3/:/usr/libexec/gcc/x86_64-redhat-linux/4.6.3/:/usr/libexec/gcc/x86_64-redhat-linux/:/usr/lib/gcc/x86_64-redhat-linux/4.6.3/:/usr/lib/gcc/x86_64-redhat-linux/
LIBRARY_PATH=/usr/lib/gcc/x86_64-redhat-linux/4.6.3/:/usr/lib/gcc/x86_64-redhat-linux/4.6.3/../../../../lib64/:/lib/../lib64/:/usr/lib/../lib64/:/usr/lib/gcc/x86_64-redhat-linux/4.6.3/../../../:/lib/:/usr/lib/
COLLECT_GCC_OPTIONS='-v' '-o' 'cmTryCompileExec2342685843' '-rdynamic' '-shared-libgcc' '-mtune=generic' '-march=x86-64'
 /usr/libexec/gcc/x86_64-redhat-linux/4.6.3/collect2 --build-id --no-add-needed --eh-frame-hdr -m elf_x86_64 --hash-style=gnu -export-dynamic -dynamic-linker /lib64/ld-linux-x86-64.so.2 -o cmTryCompileExec2342685843 /usr/lib/gcc/x86_64-redhat-linux/4.6.3/../../../../lib64/crt1.o /usr/lib/gcc/x86_64-redhat-linux/4.6.3/../../../../lib64/crti.o /usr/lib/gcc/x86_64-redhat-linux/4.6.3/crtbegin.o -L/usr/lib/gcc/x86_64-redhat-linux/4.6.3 -L/usr/lib/gcc/x86_64-redhat-linux/4.6.3/../../../../lib64 -L/lib/../lib64 -L/usr/lib/../lib64 -L/usr/lib/gcc/x86_64-redhat-linux/4.6.3/../../.. CMakeFiles/cmTryCompileExec2342685843.dir/CMakeCXXCompilerABI.cpp.o -lstdc++ -lm -lgcc_s -lgcc -lc -lgcc_s -lgcc /usr/lib/gcc/x86_64-redhat-linux/4.6.3/crtend.o /usr/lib/gcc/x86_64-redhat-linux/4.6.3/../../../../lib64/crtn.o
gmake[1]: Leaving directory `/home/s0998dm1/dev_enviroment/foreverwar.svn.latest/foreverwar/trunk/CMakeFiles/CMakeTmp'


Parsed CXX implicit link information from above output:
  link line regex: [^( *|.*[/\])(ld|ld|collect2)[^/\]*( |$)]
  ignore line: [Change Dir: /home/s0998dm1/dev_enviroment/foreverwar.svn.latest/foreverwar/trunk/CMakeFiles/CMakeTmp]
  ignore line: []
  ignore line: [Run Build Command:/usr/bin/gmake "cmTryCompileExec2342685843/fast"]
  ignore line: [/usr/bin/gmake -f CMakeFiles/cmTryCompileExec2342685843.dir/build.make CMakeFiles/cmTryCompileExec2342685843.dir/build]
  ignore line: [gmake[1]: Entering directory `/home/s0998dm1/dev_enviroment/foreverwar.svn.latest/foreverwar/trunk/CMakeFiles/CMakeTmp']
  ignore line: [/usr/bin/cmake -E cmake_progress_report /home/s0998dm1/dev_enviroment/foreverwar.svn.latest/foreverwar/trunk/CMakeFiles/CMakeTmp/CMakeFiles 1]
  ignore line: [Building CXX object CMakeFiles/cmTryCompileExec2342685843.dir/CMakeCXXCompilerABI.cpp.o]
  ignore line: [/usr/lib64/ccache/c++     -o CMakeFiles/cmTryCompileExec2342685843.dir/CMakeCXXCompilerABI.cpp.o -c /usr/share/cmake/Modules/CMakeCXXCompilerABI.cpp]
  ignore line: [Linking CXX executable cmTryCompileExec2342685843]
  ignore line: [/usr/bin/cmake -E cmake_link_script CMakeFiles/cmTryCompileExec2342685843.dir/link.txt --verbose=1]
  ignore line: [/usr/lib64/ccache/c++        -v CMakeFiles/cmTryCompileExec2342685843.dir/CMakeCXXCompilerABI.cpp.o  -o cmTryCompileExec2342685843 -rdynamic  ]
  ignore line: [Using built-in specs.]
  ignore line: [COLLECT_GCC=/usr/bin/c++]
  ignore line: [COLLECT_LTO_WRAPPER=/usr/libexec/gcc/x86_64-redhat-linux/4.6.3/lto-wrapper]
  ignore line: [Target: x86_64-redhat-linux]
  ignore line: [Configured with: ../configure --prefix=/usr --mandir=/usr/share/man --infodir=/usr/share/info --with-bugurl=http://bugzilla.redhat.com/bugzilla --enable-bootstrap --enable-shared --enable-threads=posix --enable-checking=release --with-system-zlib --enable-__cxa_atexit --disable-libunwind-exceptions --enable-gnu-unique-object --enable-linker-build-id --enable-languages=c,c++,objc,obj-c++,java,fortran,ada,go,lto --enable-plugin --enable-java-awt=gtk --disable-dssi --with-java-home=/usr/lib/jvm/java-1.5.0-gcj-1.5.0.0/jre --enable-libgcj-multifile --enable-java-maintainer-mode --with-ecj-jar=/usr/share/java/eclipse-ecj.jar --disable-libjava-multilib --with-ppl --with-cloog --with-tune=generic --with-arch_32=i686 --build=x86_64-redhat-linux]
  ignore line: [Thread model: posix]
  ignore line: [gcc version 4.6.3 20120306 (Red Hat 4.6.3-2) (GCC) ]
  ignore line: [COMPILER_PATH=/usr/libexec/gcc/x86_64-redhat-linux/4.6.3/:/usr/libexec/gcc/x86_64-redhat-linux/4.6.3/:/usr/libexec/gcc/x86_64-redhat-linux/:/usr/lib/gcc/x86_64-redhat-linux/4.6.3/:/usr/lib/gcc/x86_64-redhat-linux/]
  ignore line: [LIBRARY_PATH=/usr/lib/gcc/x86_64-redhat-linux/4.6.3/:/usr/lib/gcc/x86_64-redhat-linux/4.6.3/../../../../lib64/:/lib/../lib64/:/usr/lib/../lib64/:/usr/lib/gcc/x86_64-redhat-linux/4.6.3/../../../:/lib/:/usr/lib/]
  ignore line: [COLLECT_GCC_OPTIONS='-v' '-o' 'cmTryCompileExec2342685843' '-rdynamic' '-shared-libgcc' '-mtune=generic' '-march=x86-64']
  link line: [ /usr/libexec/gcc/x86_64-redhat-linux/4.6.3/collect2 --build-id --no-add-needed --eh-frame-hdr -m elf_x86_64 --hash-style=gnu -export-dynamic -dynamic-linker /lib64/ld-linux-x86-64.so.2 -o cmTryCompileExec2342685843 /usr/lib/gcc/x86_64-redhat-linux/4.6.3/../../../../lib64/crt1.o /usr/lib/gcc/x86_64-redhat-linux/4.6.3/../../../../lib64/crti.o /usr/lib/gcc/x86_64-redhat-linux/4.6.3/crtbegin.o -L/usr/lib/gcc/x86_64-redhat-linux/4.6.3 -L/usr/lib/gcc/x86_64-redhat-linux/4.6.3/../../../../lib64 -L/lib/../lib64 -L/usr/lib/../lib64 -L/usr/lib/gcc/x86_64-redhat-linux/4.6.3/../../.. CMakeFiles/cmTryCompileExec2342685843.dir/CMakeCXXCompilerABI.cpp.o -lstdc++ -lm -lgcc_s -lgcc -lc -lgcc_s -lgcc /usr/lib/gcc/x86_64-redhat-linux/4.6.3/crtend.o /usr/lib/gcc/x86_64-redhat-linux/4.6.3/../../../../lib64/crtn.o]
    arg [/usr/libexec/gcc/x86_64-redhat-linux/4.6.3/collect2] ==> ignore
    arg [--build-id] ==> ignore
    arg [--no-add-needed] ==> ignore
    arg [--eh-frame-hdr] ==> ignore
    arg [-m] ==> ignore
    arg [elf_x86_64] ==> ignore
    arg [--hash-style=gnu] ==> ignore
    arg [-export-dynamic] ==> ignore
    arg [-dynamic-linker] ==> ignore
    arg [/lib64/ld-linux-x86-64.so.2] ==> ignore
    arg [-o] ==> ignore
    arg [cmTryCompileExec2342685843] ==> ignore
    arg [/usr/lib/gcc/x86_64-redhat-linux/4.6.3/../../../../lib64/crt1.o] ==> ignore
    arg [/usr/lib/gcc/x86_64-redhat-linux/4.6.3/../../../../lib64/crti.o] ==> ignore
    arg [/usr/lib/gcc/x86_64-redhat-linux/4.6.3/crtbegin.o] ==> ignore
    arg [-L/usr/lib/gcc/x86_64-redhat-linux/4.6.3] ==> dir [/usr/lib/gcc/x86_64-redhat-linux/4.6.3]
    arg [-L/usr/lib/gcc/x86_64-redhat-linux/4.6.3/../../../../lib64] ==> dir [/usr/lib/gcc/x86_64-redhat-linux/4.6.3/../../../../lib64]
    arg [-L/lib/../lib64] ==> dir [/lib/../lib64]
    arg [-L/usr/lib/../lib64] ==> dir [/usr/lib/../lib64]
    arg [-L/usr/lib/gcc/x86_64-redhat-linux/4.6.3/../../..] ==> dir [/usr/lib/gcc/x86_64-redhat-linux/4.6.3/../../..]
    arg [CMakeFiles/cmTryCompileExec2342685843.dir/CMakeCXXCompilerABI.cpp.o] ==> ignore
    arg [-lstdc++] ==> lib [stdc++]
    arg [-lm] ==> lib [m]
    arg [-lgcc_s] ==> lib [gcc_s]
    arg [-lgcc] ==> lib [gcc]
    arg [-lc] ==> lib [c]
    arg [-lgcc_s] ==> lib [gcc_s]
    arg [-lgcc] ==> lib [gcc]
    arg [/usr/lib/gcc/x86_64-redhat-linux/4.6.3/crtend.o] ==> ignore
    arg [/usr/lib/gcc/x86_64-redhat-linux/4.6.3/../../../../lib64/crtn.o] ==> ignore
  remove lib [gcc_s]
  remove lib [gcc]
  remove lib [gcc_s]
  remove lib [gcc]
  collapse dir [/usr/lib/gcc/x86_64-redhat-linux/4.6.3] ==> [/usr/lib/gcc/x86_64-redhat-linux/4.6.3]
  collapse dir [/usr/lib/gcc/x86_64-redhat-linux/4.6.3/../../../../lib64] ==> [/usr/lib64]
  collapse dir [/lib/../lib64] ==> [/lib64]
  collapse dir [/usr/lib/../lib64] ==> [/usr/lib64]
  collapse dir [/usr/lib/gcc/x86_64-redhat-linux/4.6.3/../../..] ==> [/usr/lib]
  implicit libs: [stdc++;m;c]
  implicit dirs: [/usr/lib/gcc/x86_64-redhat-linux/4.6.3;/usr/lib64;/lib64;/usr/lib]


